<?xml version="1.0" encoding="UTF-8"?>
<testsuite xmlns:xsi="http://www.w3.org/2001/XMLSchema-instance" xsi:noNamespaceSchemaLocation="https://maven.apache.org/surefire/maven-surefire-plugin/xsd/surefire-test-report.xsd" version="3.0.2" name="com.example.SmartCity.SmartCityApplicationTests" time="9.709" tests="1" errors="0" skipped="0" failures="0">
  <properties>
[...]
</properties>
  <testcase name="contextLoads" classname="com.example.SmartCity.SmartCityApplicationTests" time="0.009">
    <system-out><![CDATA[2025-01-07T15:13:33.305Z  INFO 26504 --- [smartCity] [           main] t.c.s.AnnotationConfigContextLoaderUtils : Could not detect default configuration classes for test class [com.example.SmartCity.SmartCityApplicationTests]: SmartCityApplicationTests does not declare any static, non-private, non-final, nested classes annotated with @Configuration.
2025-01-07T15:13:33.346Z  INFO 26504 --- [smartCity] [           main] .b.t.c.SpringBootTestContextBootstrapper : Found @SpringBootConfiguration com.example.SmartCity.SmartCityApplication for test class com.example.SmartCity.SmartCityApplicationTests

  .   ____          _            __ _ _
 /\\ / ___'_ __ _ _(_)_ __  __ _ \ \ \ \
( ( )\___ | '_ | '_| | '_ \/ _` | \ \ \ \
 \\/  ___)| |_)| | | | | || (_| |  ) ) ) )
  '  |____| .__|_| |_|_| |_\__, | / / / /
 =========|_|==============|___/=/_/_/_/

 :: Spring Boot ::                (v3.4.0)

2025-01-07T15:13:33.625Z  INFO 26504 --- [smartCity] [           main] c.e.SmartCity.SmartCityApplicationTests  : Starting SmartCityApplicationTests using Java 19.0.1 with PID 26504 (started by asus in C:\Users\asus\Desktop\Github_info\Proper_Copy\individual-assessment\SmartCity)
2025-01-07T15:13:33.625Z  INFO 26504 --- [smartCity] [           main] c.e.SmartCity.SmartCityApplicationTests  : No active profile set, falling back to 1 default profile: "default"
2025-01-07T15:13:34.785Z  INFO 26504 --- [smartCity] [           main] .s.d.r.c.RepositoryConfigurationDelegate : Bootstrapping Spring Data MongoDB repositories in DEFAULT mode.
2025-01-07T15:13:34.834Z  INFO 26504 --- [smartCity] [           main] .s.d.r.c.RepositoryConfigurationDelegate : Finished Spring Data repository scanning in 41 ms. Found 1 MongoDB repository interface.
2025-01-07T15:13:35.178Z  INFO 26504 --- [smartCity] [           main] o.s.cloud.context.scope.GenericScope     : BeanFactory id=bc82d981-5d61-3e0f-8998-38df720dd471
2025-01-07T15:13:35.304Z  INFO 26504 --- [smartCity] [           main] org.testcontainers.images.PullPolicy     : Image pull policy will be performed by: DefaultPullPolicy()
2025-01-07T15:13:35.306Z  INFO 26504 --- [smartCity] [           main] o.t.utility.ImageNameSubstitutor         : Image name substitution will be performed by: DefaultImageNameSubstitutor (composite of 'ConfigurationFileImageNameSubstitutor' and 'PrefixingImageNameSubstitutor')
2025-01-07T15:13:35.327Z  INFO 26504 --- [smartCity] [           main] org.testcontainers.DockerClientFactory   : Testcontainers version: 1.20.4
2025-01-07T15:13:35.508Z  INFO 26504 --- [smartCity] [           main] o.t.d.DockerClientProviderStrategy       : Loaded org.testcontainers.dockerclient.NpipeSocketClientProviderStrategy from ~/.testcontainers.properties, will try it first
2025-01-07T15:13:35.822Z  INFO 26504 --- [smartCity] [           main] o.t.d.DockerClientProviderStrategy       : Found Docker environment with local Npipe socket (npipe:////./pipe/docker_engine)
2025-01-07T15:13:35.823Z  INFO 26504 --- [smartCity] [           main] org.testcontainers.DockerClientFactory   : Docker host IP address is localhost
2025-01-07T15:13:35.849Z  INFO 26504 --- [smartCity] [           main] org.testcontainers.DockerClientFactory   : Connected to docker: 
  Server Version: 27.2.0
  API Version: 1.47
  Operating System: Docker Desktop
  Total Memory: 11670 MB
  Labels: 
    com.docker.desktop.address=npipe://\\.\pipe\docker_cli
2025-01-07T15:13:36.037Z  INFO 26504 --- [smartCity] [           main] tc.testcontainers/ryuk:0.11.0            : Creating container for image: testcontainers/ryuk:0.11.0
2025-01-07T15:13:36.195Z  INFO 26504 --- [smartCity] [           main] o.t.utility.RegistryAuthLocator          : Credential helper/store (docker-credential-desktop) does not have credentials for https://index.docker.io/v1/
2025-01-07T15:13:36.395Z  INFO 26504 --- [smartCity] [           main] tc.testcontainers/ryuk:0.11.0            : Container testcontainers/ryuk:0.11.0 is starting: 243d25c6d0a65f6b00d8a6f8439b2f58cefd6549cc51f67f3256bbe16828b83c
2025-01-07T15:13:37.021Z  INFO 26504 --- [smartCity] [           main] tc.testcontainers/ryuk:0.11.0            : Container testcontainers/ryuk:0.11.0 started in PT0.9831375S
2025-01-07T15:13:37.031Z  INFO 26504 --- [smartCity] [           main] o.t.utility.RyukResourceReaper           : Ryuk started - will monitor and terminate Testcontainers containers on JVM exit
2025-01-07T15:13:37.031Z  INFO 26504 --- [smartCity] [           main] org.testcontainers.DockerClientFactory   : Checking the system...
2025-01-07T15:13:37.032Z  INFO 26504 --- [smartCity] [           main] org.testcontainers.DockerClientFactory   : ✔︎ Docker server version should be at least 1.6.0
2025-01-07T15:13:37.033Z  INFO 26504 --- [smartCity] [           main] tc.mongo:latest                          : Creating container for image: mongo:latest
2025-01-07T15:13:37.167Z  INFO 26504 --- [smartCity] [           main] tc.mongo:latest                          : Container mongo:latest is starting: c194b092f3c6c1a5ffe79dc1e971815fcbfd30e820acfff6b836108924997a57
2025-01-07T15:13:38.753Z  INFO 26504 --- [smartCity] [           main] tc.mongo:latest                          : Container mongo:latest started in PT1.7202434S
2025-01-07T15:13:41.067Z  INFO 26504 --- [smartCity] [           main] org.mongodb.driver.client                : MongoClient with metadata {"driver": {"name": "mongo-java-driver|sync|spring-boot", "version": "5.2.1"}, "os": {"type": "Windows", "name": "Windows 11", "architecture": "amd64", "version": "10.0"}, "platform": "Java/Oracle Corporation/19.0.1+10-21"} created with settings MongoClientSettings{readPreference=primary, writeConcern=WriteConcern{w=null, wTimeout=null ms, journal=null}, retryWrites=true, retryReads=true, readConcern=ReadConcern{level=null}, credential=null, transportSettings=null, commandListeners=[io.micrometer.core.instrument.binder.mongodb.MongoMetricsCommandListener@3f16a823], codecRegistry=ProvidersCodecRegistry{codecProviders=[ValueCodecProvider{}, BsonValueCodecProvider{}, DBRefCodecProvider{}, DBObjectCodecProvider{}, DocumentCodecProvider{}, CollectionCodecProvider{}, IterableCodecProvider{}, MapCodecProvider{}, GeoJsonCodecProvider{}, GridFSFileCodecProvider{}, Jsr310CodecProvider{}, JsonObjectCodecProvider{}, BsonCodecProvider{}, EnumCodecProvider{}, com.mongodb.client.model.mql.ExpressionCodecProvider@3fb5809a, com.mongodb.Jep395RecordCodecProvider@77954f77, com.mongodb.KotlinCodecProvider@6529b078]}, loggerSettings=LoggerSettings{maxDocumentLength=1000}, clusterSettings={hosts=[localhost:57268], srvServiceName=mongodb, mode=SINGLE, requiredClusterType=UNKNOWN, requiredReplicaSetName='null', serverSelector='null', clusterListeners='[]', serverSelectionTimeout='30000 ms', localThreshold='15 ms'}, socketSettings=SocketSettings{connectTimeoutMS=10000, readTimeoutMS=0, receiveBufferSize=0, proxySettings=ProxySettings{host=null, port=null, username=null, password=null}}, heartbeatSocketSettings=SocketSettings{connectTimeoutMS=10000, readTimeoutMS=10000, receiveBufferSize=0, proxySettings=ProxySettings{host=null, port=null, username=null, password=null}}, connectionPoolSettings=ConnectionPoolSettings{maxSize=100, minSize=0, maxWaitTimeMS=120000, maxConnectionLifeTimeMS=0, maxConnectionIdleTimeMS=0, maintenanceInitialDelayMS=0, maintenanceFrequencyMS=60000, connectionPoolListeners=[io.micrometer.core.instrument.binder.mongodb.MongoMetricsConnectionPoolListener@6f744b4e], maxConnecting=2}, serverSettings=ServerSettings{heartbeatFrequencyMS=10000, minHeartbeatFrequencyMS=500, serverMonitoringMode=AUTO, serverListeners='[]', serverMonitorListeners='[]'}, sslSettings=SslSettings{enabled=false, invalidHostNameAllowed=false, context=null}, applicationName='null', compressorList=[], uuidRepresentation=JAVA_LEGACY, serverApi=null, autoEncryptionSettings=null, dnsClient=null, inetAddressResolver=null, contextProvider=null, timeoutMS=null}
2025-01-07T15:13:41.089Z  INFO 26504 --- [smartCity] [localhost:57268] org.mongodb.driver.cluster               : Monitor thread successfully connected to server with description ServerDescription{address=localhost:57268, type=REPLICA_SET_PRIMARY, cryptd=false, state=CONNECTED, ok=true, minWireVersion=0, maxWireVersion=25, maxDocumentSize=16777216, logicalSessionTimeoutMinutes=30, roundTripTimeNanos=35995500, minRoundTripTimeNanos=0, setName='docker-rs', canonicalAddress=c194b092f3c6:27017, hosts=[c194b092f3c6:27017], passives=[], arbiters=[], primary='c194b092f3c6:27017', tagSet=TagSet{[]}, electionId=7fffffff0000000000000001, setVersion=1, topologyVersion=TopologyVersion{processId=677d44a12769d94d6cf71b6f, counter=6}, lastWriteDate=Tue Jan 07 15:13:40 GMT 2025, lastUpdateTimeNanos=6620914456200}
2025-01-07T15:13:42.842Z  WARN 26504 --- [smartCity] [           main] iguration$LoadBalancerCaffeineWarnLogger : Spring Cloud LoadBalancer is currently working with the default cache. While this cache implementation is useful for development and tests, it's recommended to use Caffeine cache in production.You can switch to using Caffeine cache, by adding it and org.springframework.cache.caffeine.CaffeineCacheManager to the classpath.
2025-01-07T15:13:42.861Z  INFO 26504 --- [smartCity] [           main] o.s.b.a.e.web.EndpointLinksResolver      : Exposing 1 endpoint beneath base path '/actuator'
2025-01-07T15:13:42.922Z  INFO 26504 --- [smartCity] [           main] c.e.SmartCity.SmartCityApplicationTests  : Started SmartCityApplicationTests in 9.56 seconds (process running for 16.66)
]]></system-out>
  </testcase>
</testsuite>