<?xml version="1.0" encoding="UTF-8"?>
<testsuite xmlns:xsi="http://www.w3.org/2001/XMLSchema-instance" xsi:noNamespaceSchemaLocation="https://maven.apache.org/surefire/maven-surefire-plugin/xsd/surefire-test-report.xsd" version="3.0.2" name="com.example.SmartCity.controller.SmartCityControllerTest" time="6.154" tests="6" errors="0" skipped="0" failures="0">
  <properties>
[...]
</properties>
  <testcase name="testSaveElectricalProviderSummary_Success" classname="com.example.SmartCity.controller.SmartCityControllerTest" time="0.338">
    <system-out><![CDATA[22:01:07.515 [main] INFO org.springframework.test.context.support.AnnotationConfigContextLoaderUtils -- Could not detect default configuration classes for test class [com.example.SmartCity.controller.SmartCityControllerTest]: SmartCityControllerTest does not declare any static, non-private, non-final, nested classes annotated with @Configuration.
22:01:07.852 [main] INFO org.springframework.boot.test.context.SpringBootTestContextBootstrapper -- Found @SpringBootConfiguration com.example.SmartCity.SmartCityApplication for test class com.example.SmartCity.controller.SmartCityControllerTest

  .   ____          _            __ _ _
 /\\ / ___'_ __ _ _(_)_ __  __ _ \ \ \ \
( ( )\___ | '_ | '_| | '_ \/ _` | \ \ \ \
 \\/  ___)| |_)| | | | | || (_| |  ) ) ) )
  '  |____| .__|_| |_|_| |_\__, | / / / /
 =========|_|==============|___/=/_/_/_/

 :: Spring Boot ::                (v3.4.0)

2025-01-08T22:01:08.803Z  INFO 20672 --- [smartCity] [           main] c.e.S.c.SmartCityControllerTest          : Starting SmartCityControllerTest using Java 19.0.1 with PID 20672 (started by asus in C:\Users\asus\OneDrive - Northumbria University - Production Azure AD\Advanced-programming\Project7_2\zamir\ap-group-component\backend\darlington\individual-assessment\SmartCity)
2025-01-08T22:01:08.805Z  INFO 20672 --- [smartCity] [           main] c.e.S.c.SmartCityControllerTest          : No active profile set, falling back to 1 default profile: "default"
2025-01-08T22:01:12.852Z  INFO 20672 --- [smartCity] [           main] o.s.b.t.m.w.SpringBootMockServletContext : Initializing Spring TestDispatcherServlet ''
2025-01-08T22:01:12.852Z  INFO 20672 --- [smartCity] [           main] o.s.t.web.servlet.TestDispatcherServlet  : Initializing Servlet ''
2025-01-08T22:01:12.859Z  INFO 20672 --- [smartCity] [           main] o.s.t.web.servlet.TestDispatcherServlet  : Completed initialization in 2 ms
2025-01-08T22:01:12.940Z  INFO 20672 --- [smartCity] [           main] c.e.S.c.SmartCityControllerTest          : Started SmartCityControllerTest in 4.82 seconds (process running for 6.537)
]]></system-out>
  </testcase>
  <testcase name="testUpdateElectricalProviderSummary_BadRequest" classname="com.example.SmartCity.controller.SmartCityControllerTest" time="0.018"/>
  <testcase name="testViewIndividualProviderSummary_BadRequest" classname="com.example.SmartCity.controller.SmartCityControllerTest" time="0.011"/>
  <testcase name="testViewIndividualProviderSummary_Success" classname="com.example.SmartCity.controller.SmartCityControllerTest" time="0.027"/>
  <testcase name="testSaveElectricalProviderSummary_BadRequest" classname="com.example.SmartCity.controller.SmartCityControllerTest" time="0.014">
    <system-out><![CDATA[2025-01-08T22:01:13.371Z ERROR 20672 --- [smartCity] [           main] c.e.S.controller.SmartCityController     : Invalid argument: Data already exists for the current month. Please call Put instead.
]]></system-out>
  </testcase>
  <testcase name="testUpdateElectricalProviderSummary_Success" classname="com.example.SmartCity.controller.SmartCityControllerTest" time="0.008"/>
</testsuite>