<?xml version="1.0" encoding="UTF-8"?>
<testsuite xmlns:xsi="http://www.w3.org/2001/XMLSchema-instance" xsi:noNamespaceSchemaLocation="https://maven.apache.org/surefire/maven-surefire-plugin/xsd/surefire-test-report.xsd" version="3.0.2" name="com.example.electricalprovider.ElectricalProviderApplicationTests" time="12.269" tests="1" errors="0" skipped="0" failures="0">
  <properties>
[...]
</properties>
  <testcase name="contextLoads" classname="com.example.electricalprovider.ElectricalProviderApplicationTests" time="0.009">
    <system-out><![CDATA[2025-01-08T22:00:39.143Z  INFO 22296 --- [electricalProvider] [           main] t.c.s.AnnotationConfigContextLoaderUtils : Could not detect default configuration classes for test class [com.example.electricalprovider.ElectricalProviderApplicationTests]: ElectricalProviderApplicationTests does not declare any static, non-private, non-final, nested classes annotated with @Configuration.
2025-01-08T22:00:39.164Z  INFO 22296 --- [electricalProvider] [           main] .b.t.c.SpringBootTestContextBootstrapper : Found @SpringBootConfiguration com.example.electricalprovider.ElectricalProviderApplication for test class com.example.electricalprovider.ElectricalProviderApplicationTests

  .   ____          _            __ _ _
 /\\ / ___'_ __ _ _(_)_ __  __ _ \ \ \ \
( ( )\___ | '_ | '_| | '_ \/ _` | \ \ \ \
 \\/  ___)| |_)| | | | | || (_| |  ) ) ) )
  '  |____| .__|_| |_|_| |_\__, | / / / /
 =========|_|==============|___/=/_/_/_/

 :: Spring Boot ::                (v3.4.0)

2025-01-08T22:00:39.419Z  INFO 22296 --- [electricalProvider] [           main] c.e.e.ElectricalProviderApplicationTests : Starting ElectricalProviderApplicationTests using Java 19.0.1 with PID 22296 (started by asus in C:\Users\asus\OneDrive - Northumbria University - Production Azure AD\Advanced-programming\Project7_2\zamir\ap-group-component\backend\darlington\individual-assessment\electricalProvider)
2025-01-08T22:00:39.420Z  INFO 22296 --- [electricalProvider] [           main] c.e.e.ElectricalProviderApplicationTests : No active profile set, falling back to 1 default profile: "default"
2025-01-08T22:00:40.745Z  INFO 22296 --- [electricalProvider] [           main] .s.d.r.c.RepositoryConfigurationDelegate : Bootstrapping Spring Data MongoDB repositories in DEFAULT mode.
2025-01-08T22:00:40.807Z  INFO 22296 --- [electricalProvider] [           main] .s.d.r.c.RepositoryConfigurationDelegate : Finished Spring Data repository scanning in 52 ms. Found 3 MongoDB repository interfaces.
2025-01-08T22:00:41.093Z  INFO 22296 --- [electricalProvider] [           main] o.s.cloud.context.scope.GenericScope     : BeanFactory id=c7e25eff-47c4-3bfe-9fdc-75f3cdd5aa4d
2025-01-08T22:00:41.248Z  INFO 22296 --- [electricalProvider] [           main] org.testcontainers.images.PullPolicy     : Image pull policy will be performed by: DefaultPullPolicy()
2025-01-08T22:00:41.253Z  INFO 22296 --- [electricalProvider] [           main] o.t.utility.ImageNameSubstitutor         : Image name substitution will be performed by: DefaultImageNameSubstitutor (composite of 'ConfigurationFileImageNameSubstitutor' and 'PrefixingImageNameSubstitutor')
2025-01-08T22:00:41.284Z  INFO 22296 --- [electricalProvider] [           main] org.testcontainers.DockerClientFactory   : Testcontainers version: 1.20.4
2025-01-08T22:00:41.581Z  INFO 22296 --- [electricalProvider] [           main] o.t.d.DockerClientProviderStrategy       : Loaded org.testcontainers.dockerclient.NpipeSocketClientProviderStrategy from ~/.testcontainers.properties, will try it first
2025-01-08T22:00:41.977Z  INFO 22296 --- [electricalProvider] [           main] o.t.d.DockerClientProviderStrategy       : Found Docker environment with local Npipe socket (npipe:////./pipe/docker_engine)
2025-01-08T22:00:41.979Z  INFO 22296 --- [electricalProvider] [           main] org.testcontainers.DockerClientFactory   : Docker host IP address is localhost
2025-01-08T22:00:42.012Z  INFO 22296 --- [electricalProvider] [           main] org.testcontainers.DockerClientFactory   : Connected to docker: 
  Server Version: 27.2.0
  API Version: 1.47
  Operating System: Docker Desktop
  Total Memory: 11670 MB
  Labels: 
    com.docker.desktop.address=npipe://\\.\pipe\docker_cli
2025-01-08T22:00:42.239Z  INFO 22296 --- [electricalProvider] [           main] tc.testcontainers/ryuk:0.11.0            : Creating container for image: testcontainers/ryuk:0.11.0
2025-01-08T22:00:42.385Z  INFO 22296 --- [electricalProvider] [           main] o.t.utility.RegistryAuthLocator          : Credential helper/store (docker-credential-desktop) does not have credentials for https://index.docker.io/v1/
2025-01-08T22:00:42.585Z  INFO 22296 --- [electricalProvider] [           main] tc.testcontainers/ryuk:0.11.0            : Container testcontainers/ryuk:0.11.0 is starting: e0a144fec0f94bf16c9142c00d231fc5b665c5104c48f5eb58ee7186e9568c5e
2025-01-08T22:00:43.254Z  INFO 22296 --- [electricalProvider] [           main] tc.testcontainers/ryuk:0.11.0            : Container testcontainers/ryuk:0.11.0 started in PT1.0140328S
2025-01-08T22:00:43.273Z  INFO 22296 --- [electricalProvider] [           main] o.t.utility.RyukResourceReaper           : Ryuk started - will monitor and terminate Testcontainers containers on JVM exit
2025-01-08T22:00:43.273Z  INFO 22296 --- [electricalProvider] [           main] org.testcontainers.DockerClientFactory   : Checking the system...
2025-01-08T22:00:43.274Z  INFO 22296 --- [electricalProvider] [           main] org.testcontainers.DockerClientFactory   : ✔︎ Docker server version should be at least 1.6.0
2025-01-08T22:00:43.275Z  INFO 22296 --- [electricalProvider] [           main] tc.mongo:latest                          : Creating container for image: mongo:latest
2025-01-08T22:00:43.397Z  INFO 22296 --- [electricalProvider] [           main] tc.mongo:latest                          : Container mongo:latest is starting: 2f02010579f07545e5ec44c22f7b0f8d19303462442e0c6aaf35ab488ecbe5a3
2025-01-08T22:00:44.640Z  INFO 22296 --- [electricalProvider] [           main] tc.mongo:latest                          : Container mongo:latest started in PT1.3645839S
2025-01-08T22:00:46.430Z  INFO 22296 --- [electricalProvider] [           main] org.mongodb.driver.client                : MongoClient with metadata {"driver": {"name": "mongo-java-driver|sync|spring-boot", "version": "5.2.1"}, "os": {"type": "Windows", "name": "Windows 11", "architecture": "amd64", "version": "10.0"}, "platform": "Java/Oracle Corporation/19.0.1+10-21"} created with settings MongoClientSettings{readPreference=primary, writeConcern=WriteConcern{w=null, wTimeout=null ms, journal=null}, retryWrites=true, retryReads=true, readConcern=ReadConcern{level=null}, credential=null, transportSettings=null, commandListeners=[io.micrometer.core.instrument.binder.mongodb.MongoMetricsCommandListener@a59324f], codecRegistry=ProvidersCodecRegistry{codecProviders=[ValueCodecProvider{}, BsonValueCodecProvider{}, DBRefCodecProvider{}, DBObjectCodecProvider{}, DocumentCodecProvider{}, CollectionCodecProvider{}, IterableCodecProvider{}, MapCodecProvider{}, GeoJsonCodecProvider{}, GridFSFileCodecProvider{}, Jsr310CodecProvider{}, JsonObjectCodecProvider{}, BsonCodecProvider{}, EnumCodecProvider{}, com.mongodb.client.model.mql.ExpressionCodecProvider@427c8f6, com.mongodb.Jep395RecordCodecProvider@226346d4, com.mongodb.KotlinCodecProvider@7aeb5402]}, loggerSettings=LoggerSettings{maxDocumentLength=1000}, clusterSettings={hosts=[localhost:49254], srvServiceName=mongodb, mode=SINGLE, requiredClusterType=UNKNOWN, requiredReplicaSetName='null', serverSelector='null', clusterListeners='[]', serverSelectionTimeout='30000 ms', localThreshold='15 ms'}, socketSettings=SocketSettings{connectTimeoutMS=10000, readTimeoutMS=0, receiveBufferSize=0, proxySettings=ProxySettings{host=null, port=null, username=null, password=null}}, heartbeatSocketSettings=SocketSettings{connectTimeoutMS=10000, readTimeoutMS=10000, receiveBufferSize=0, proxySettings=ProxySettings{host=null, port=null, username=null, password=null}}, connectionPoolSettings=ConnectionPoolSettings{maxSize=100, minSize=0, maxWaitTimeMS=120000, maxConnectionLifeTimeMS=0, maxConnectionIdleTimeMS=0, maintenanceInitialDelayMS=0, maintenanceFrequencyMS=60000, connectionPoolListeners=[io.micrometer.core.instrument.binder.mongodb.MongoMetricsConnectionPoolListener@39e3da5a], maxConnecting=2}, serverSettings=ServerSettings{heartbeatFrequencyMS=10000, minHeartbeatFrequencyMS=500, serverMonitoringMode=AUTO, serverListeners='[]', serverMonitorListeners='[]'}, sslSettings=SslSettings{enabled=false, invalidHostNameAllowed=false, context=null}, applicationName='null', compressorList=[], uuidRepresentation=JAVA_LEGACY, serverApi=null, autoEncryptionSettings=null, dnsClient=null, inetAddressResolver=null, contextProvider=null, timeoutMS=null}
2025-01-08T22:00:46.458Z  INFO 22296 --- [electricalProvider] [localhost:49254] org.mongodb.driver.cluster               : Monitor thread successfully connected to server with description ServerDescription{address=localhost:49254, type=REPLICA_SET_PRIMARY, cryptd=false, state=CONNECTED, ok=true, minWireVersion=0, maxWireVersion=25, maxDocumentSize=16777216, logicalSessionTimeoutMinutes=30, roundTripTimeNanos=35046500, minRoundTripTimeNanos=0, setName='docker-rs', canonicalAddress=2f02010579f0:27017, hosts=[2f02010579f0:27017], passives=[], arbiters=[], primary='2f02010579f0:27017', tagSet=TagSet{[]}, electionId=7fffffff0000000000000001, setVersion=1, topologyVersion=TopologyVersion{processId=677ef58bf50739cd2156cd61, counter=6}, lastWriteDate=Wed Jan 08 22:00:45 GMT 2025, lastUpdateTimeNanos=3422285641200}
2025-01-08T22:00:48.507Z  INFO 22296 --- [electricalProvider] [           main] o.s.b.a.e.web.EndpointLinksResolver      : Exposing 26 endpoints beneath base path '/actuator'
2025-01-08T22:00:48.587Z  INFO 22296 --- [electricalProvider] [           main] o.s.a.r.c.CachingConnectionFactory       : Attempting to connect to: [rabbitmq:5672]
2025-01-08T22:00:51.291Z  INFO 22296 --- [electricalProvider] [           main] o.s.a.r.l.SimpleMessageListenerContainer : Broker not available; cannot force queue declarations during start: java.net.UnknownHostException: No such host is known (rabbitmq)
2025-01-08T22:00:51.300Z  INFO 22296 --- [electricalProvider] [ntContainer#0-1] o.s.a.r.c.CachingConnectionFactory       : Attempting to connect to: [rabbitmq:5672]
2025-01-08T22:00:51.301Z ERROR 22296 --- [electricalProvider] [ntContainer#0-1] o.s.a.r.l.SimpleMessageListenerContainer : Failed to check/redeclare auto-delete queue(s).

org.springframework.amqp.AmqpIOException: java.net.UnknownHostException: rabbitmq
	at org.springframework.amqp.rabbit.support.RabbitExceptionTranslator.convertRabbitAccessException(RabbitExceptionTranslator.java:70) ~[spring-rabbit-3.2.0.jar:3.2.0]
	at org.springframework.amqp.rabbit.connection.AbstractConnectionFactory.createBareConnection(AbstractConnectionFactory.java:624) ~[spring-rabbit-3.2.0.jar:3.2.0]
	at org.springframework.amqp.rabbit.connection.CachingConnectionFactory.createConnection(CachingConnectionFactory.java:726) ~[spring-rabbit-3.2.0.jar:3.2.0]
	at org.springframework.amqp.rabbit.connection.ConnectionFactoryUtils.createConnection(ConnectionFactoryUtils.java:257) ~[spring-rabbit-3.2.0.jar:3.2.0]
	at org.springframework.amqp.rabbit.core.RabbitTemplate.doExecute(RabbitTemplate.java:2262) ~[spring-rabbit-3.2.0.jar:3.2.0]
	at org.springframework.amqp.rabbit.core.RabbitTemplate.execute(RabbitTemplate.java:2235) ~[spring-rabbit-3.2.0.jar:3.2.0]
	at org.springframework.amqp.rabbit.core.RabbitTemplate.execute(RabbitTemplate.java:2215) ~[spring-rabbit-3.2.0.jar:3.2.0]
	at org.springframework.amqp.rabbit.core.RabbitAdmin.getQueueInfo(RabbitAdmin.java:468) ~[spring-rabbit-3.2.0.jar:3.2.0]
	at org.springframework.amqp.rabbit.core.RabbitAdmin.getQueueProperties(RabbitAdmin.java:452) ~[spring-rabbit-3.2.0.jar:3.2.0]
	at org.springframework.amqp.rabbit.listener.AbstractMessageListenerContainer.attemptDeclarations(AbstractMessageListenerContainer.java:1960) ~[spring-rabbit-3.2.0.jar:3.2.0]
	at org.springframework.amqp.rabbit.listener.AbstractMessageListenerContainer.redeclareElementsIfNecessary(AbstractMessageListenerContainer.java:1924) ~[spring-rabbit-3.2.0.jar:3.2.0]
	at org.springframework.amqp.rabbit.listener.SimpleMessageListenerContainer$AsyncMessageProcessingConsumer.initialize(SimpleMessageListenerContainer.java:1483) ~[spring-rabbit-3.2.0.jar:3.2.0]
	at org.springframework.amqp.rabbit.listener.SimpleMessageListenerContainer$AsyncMessageProcessingConsumer.run(SimpleMessageListenerContainer.java:1324) ~[spring-rabbit-3.2.0.jar:3.2.0]
	at java.base/java.lang.Thread.run(Thread.java:1589) ~[na:na]
Caused by: java.net.UnknownHostException: rabbitmq
	at java.base/java.net.InetAddress$CachedAddresses.get(InetAddress.java:952) ~[na:na]
	at java.base/java.net.InetAddress.getAllByName0(InetAddress.java:1658) ~[na:na]
	at java.base/java.net.InetAddress.getAllByName(InetAddress.java:1524) ~[na:na]
	at com.rabbitmq.client.DnsRecordIpAddressResolver.resolveIpAddresses(DnsRecordIpAddressResolver.java:83) ~[amqp-client-5.22.0.jar:5.22.0]
	at com.rabbitmq.client.DnsRecordIpAddressResolver.getAddresses(DnsRecordIpAddressResolver.java:73) ~[amqp-client-5.22.0.jar:5.22.0]
	at com.rabbitmq.client.ConnectionFactory.newConnection(ConnectionFactory.java:1245) ~[amqp-client-5.22.0.jar:5.22.0]
	at com.rabbitmq.client.ConnectionFactory.newConnection(ConnectionFactory.java:1198) ~[amqp-client-5.22.0.jar:5.22.0]
	at org.springframework.amqp.rabbit.connection.AbstractConnectionFactory.connectAddresses(AbstractConnectionFactory.java:670) ~[spring-rabbit-3.2.0.jar:3.2.0]
	at org.springframework.amqp.rabbit.connection.AbstractConnectionFactory.connect(AbstractConnectionFactory.java:639) ~[spring-rabbit-3.2.0.jar:3.2.0]
	at org.springframework.amqp.rabbit.connection.AbstractConnectionFactory.createBareConnection(AbstractConnectionFactory.java:585) ~[spring-rabbit-3.2.0.jar:3.2.0]
	... 12 common frames omitted

2025-01-08T22:00:51.307Z  INFO 22296 --- [electricalProvider] [ntContainer#0-1] o.s.a.r.c.CachingConnectionFactory       : Attempting to connect to: [rabbitmq:5672]
2025-01-08T22:00:51.314Z  INFO 22296 --- [electricalProvider] [           main] c.e.e.ElectricalProviderApplicationTests : Started ElectricalProviderApplicationTests in 12.138 seconds (process running for 20.958)
]]></system-out>
  </testcase>
</testsuite>